<?xml version="1.0" encoding="UTF-8"?>
<!-- Generated by org.testng.reporters.JUnitXMLReporter -->
<testsuite hostname="NOISY_BOY" ignored="0" name="Test" tests="1" failures="1" timestamp="2019-11-08T22:35:41 IST" time="0.669" errors="0">
  <testcase name="loginLogout" time="0.638" classname="org.testleaf.testcases.TC001_LoginLogout">
    <failure type="org.testng.internal.reflect.MethodMatcherException" message="
[public void org.testleaf.testcases.TC001_LoginLogout.loginLogout(java.lang.String,java.lang.String,java.lang.String,java.lang.String,java.lang.String)] has no parameters defined but was found to be using a data provider (either explicitly specified or inherited from class level annotation).
Data provider mismatch
Method: loginLogout([Parameter{index=0, type=java.lang.String, declaredAnnotations=[]}, Parameter{index=1, type=java.lang.String, declaredAnnotations=[]}, Parameter{index=2, type=java.lang.String, declaredAnnotations=[]}, Parameter{index=3, type=java.lang.String, declaredAnnotations=[]}, Parameter{index=4, type=java.lang.String, declaredAnnotations=[]}])
Arguments: [(java.lang.String) Testleaf,(java.lang.String) Aakash,(java.lang.String) aagu]">
      <![CDATA[org.testng.internal.reflect.MethodMatcherException: 
[public void org.testleaf.testcases.TC001_LoginLogout.loginLogout(java.lang.String,java.lang.String,java.lang.String,java.lang.String,java.lang.String)] has no parameters defined but was found to be using a data provider (either explicitly specified or inherited from class level annotation).
Data provider mismatch
Method: loginLogout([Parameter{index=0, type=java.lang.String, declaredAnnotations=[]}, Parameter{index=1, type=java.lang.String, declaredAnnotations=[]}, Parameter{index=2, type=java.lang.String, declaredAnnotations=[]}, Parameter{index=3, type=java.lang.String, declaredAnnotations=[]}, Parameter{index=4, type=java.lang.String, declaredAnnotations=[]}])
Arguments: [(java.lang.String) Testleaf,(java.lang.String) Aakash,(java.lang.String) aagu]
at java.util.ArrayList.forEach(Unknown Source)
... Removed 22 stack frames]]>
    </failure>
  </testcase> <!-- loginLogout -->
</testsuite> <!-- Test -->
