<?xml version="1.0" encoding="UTF-8"?>
<!-- Generated by org.testng.reporters.JUnitXMLReporter -->
<testsuite hostname="NOISY_BOY" ignored="0" name="Default test(failed)" tests="4" failures="2" timestamp="05 Nov 2019 17:09:49 GMT" time="75.684" errors="0">
  <testcase name="runScenario" time="23.979" classname="cucumber.api.testng.AbstractTestNGCucumberTests"/>
  <testcase name="runScenario" time="21.506" classname="cucumber.api.testng.AbstractTestNGCucumberTests"/>
  <testcase name="runScenario" time="14.758" classname="cucumber.api.testng.AbstractTestNGCucumberTests">
    <failure type="java.lang.NullPointerException">
      <![CDATA[java.lang.NullPointerException
at Steps.EditLead.clickOnLeads(EditLead.java:17)
at ✽.click on leads(file:src/test/java/features/Login.feature:25)
]]>
    </failure>
  </testcase> <!-- runScenario -->
  <testcase name="runScenario" time="15.263" classname="cucumber.api.testng.AbstractTestNGCucumberTests">
    <failure type="java.lang.NullPointerException">
      <![CDATA[java.lang.NullPointerException
at Steps.EditLead.clickOnLeads(EditLead.java:17)
at ✽.click on leads(file:src/test/java/features/Login.feature:25)
]]>
    </failure>
  </testcase> <!-- runScenario -->
</testsuite> <!-- Default test(failed) -->
