<?xml version="1.0" encoding="UTF-8"?>
<testng-results skipped="0" failed="0" ignored="0" total="1" passed="1">
  <reporter-output>
  </reporter-output>
  <suite name="Default suite" duration-ms="18457" started-at="2019-11-16T11:25:10Z" finished-at="2019-11-16T11:25:29Z">
    <groups>
      <group name="cucumber">
        <method signature="AbstractTestNGCucumberTests.runScenario(cucumber.api.testng.PickleEventWrapper, cucumber.api.testng.CucumberFeatureWrapper)[pri:0, instance:com.leafBot.testcases.TC001_Acme@5a8e6209]" name="runScenario" class="cucumber.api.testng.AbstractTestNGCucumberTests"/>
      </group> <!-- cucumber -->
    </groups>
    <test name="Default test" duration-ms="18457" started-at="2019-11-16T11:25:10Z" finished-at="2019-11-16T11:25:29Z">
      <class name="com.leafBot.testcases.TC001_Acme">
        <test-method status="PASS" signature="startReport()[pri:0, instance:com.leafBot.testcases.TC001_Acme@5a8e6209]" name="startReport" is-config="true" duration-ms="281" started-at="2019-11-16T11:25:10Z" finished-at="2019-11-16T11:25:10Z">
          <reporter-output>
          </reporter-output>
        </test-method> <!-- startReport -->
        <test-method status="PASS" signature="setData()[pri:0, instance:com.leafBot.testcases.TC001_Acme@5a8e6209]" name="setData" is-config="true" duration-ms="0" started-at="2019-11-16T11:25:10Z" finished-at="2019-11-16T11:25:10Z">
          <reporter-output>
          </reporter-output>
        </test-method> <!-- setData -->
        <test-method status="PASS" signature="setUpClass()[pri:0, instance:com.leafBot.testcases.TC001_Acme@5a8e6209]" name="setUpClass" is-config="true" duration-ms="78" started-at="2019-11-16T11:25:10Z" finished-at="2019-11-16T11:25:10Z">
          <reporter-output>
          </reporter-output>
        </test-method> <!-- setUpClass -->
        <test-method status="PASS" signature="report()[pri:0, instance:com.leafBot.testcases.TC001_Acme@5a8e6209]" name="report" is-config="true" duration-ms="16" started-at="2019-11-16T11:25:10Z" finished-at="2019-11-16T11:25:10Z">
          <reporter-output>
          </reporter-output>
        </test-method> <!-- report -->
        <test-method status="PASS" signature="beforeMethod()[pri:0, instance:com.leafBot.testcases.TC001_Acme@5a8e6209]" name="beforeMethod" is-config="true" duration-ms="11315" started-at="2019-11-16T11:25:11Z" finished-at="2019-11-16T11:25:22Z">
          <reporter-output>
          </reporter-output>
        </test-method> <!-- beforeMethod -->
        <test-method status="PASS" signature="runTC001(java.lang.String, java.lang.String, java.lang.String)[pri:0, instance:com.leafBot.testcases.TC001_Acme@5a8e6209]" name="runTC001" duration-ms="6499" started-at="2019-11-16T11:25:22Z" data-provider="fetchData" finished-at="2019-11-16T11:25:29Z">
          <params>
            <param index="0">
              <value>
                <![CDATA[kumar.testleaf@gmail.com]]>
              </value>
            </param>
            <param index="1">
              <value>
                <![CDATA[leaf@12]]>
              </value>
            </param>
            <param index="2">
              <value>
                <![CDATA[RO094782]]>
              </value>
            </param>
          </params>
          <reporter-output>
          </reporter-output>
        </test-method> <!-- runTC001 -->
        <test-method status="PASS" signature="afterMethod()[pri:0, instance:com.leafBot.testcases.TC001_Acme@5a8e6209]" name="afterMethod" is-config="true" duration-ms="99" started-at="2019-11-16T11:25:29Z" finished-at="2019-11-16T11:25:29Z">
          <reporter-output>
          </reporter-output>
        </test-method> <!-- afterMethod -->
        <test-method status="PASS" signature="tearDownClass()[pri:0, instance:com.leafBot.testcases.TC001_Acme@5a8e6209]" name="tearDownClass" is-config="true" duration-ms="6" started-at="2019-11-16T11:25:29Z" finished-at="2019-11-16T11:25:29Z">
          <reporter-output>
          </reporter-output>
        </test-method> <!-- tearDownClass -->
        <test-method status="PASS" signature="stopReport()[pri:0, instance:com.leafBot.testcases.TC001_Acme@5a8e6209]" name="stopReport" is-config="true" duration-ms="265" started-at="2019-11-16T11:25:29Z" finished-at="2019-11-16T11:25:29Z">
          <reporter-output>
          </reporter-output>
        </test-method> <!-- stopReport -->
      </class> <!-- com.leafBot.testcases.TC001_Acme -->
    </test> <!-- Default test -->
  </suite> <!-- Default suite -->
</testng-results>
