<?xml version="1.0" encoding="UTF-8"?>
<!-- Generated by org.testng.reporters.JUnitXMLReporter -->
<testsuite hostname="NOISY_BOY" ignored="0" name="Default test" tests="2" failures="0" timestamp="11 Nov 2019 19:04:24 GMT" time="86.764" errors="0">
  <testcase name="runScenario" time="44.348" classname="cucumber.api.testng.AbstractTestNGCucumberTests"/>
  <testcase name="runScenario" time="42.238" classname="cucumber.api.testng.AbstractTestNGCucumberTests"/>
</testsuite> <!-- Default test -->
